<?xml version="1.0" encoding="UTF-8"?>
<!-- Generated by org.testng.reporters.JUnitXMLReporter -->
<testsuite ignored="0" hostname="MyGenie" failures="3" tests="6" name="TestChrome" time="9.516" errors="0" timestamp="2024-12-19T19:19:47 CST">
  <testcase classname="io.cucumber.testng.AbstractTestNGCucumberTests" name="runScenario" time="6.18">
    <failure type="java.lang.RuntimeException" message="Error initializing Excel data: The supplied file &amp;apos;C:\Users\madhu\OneDrive\Desktop\SDET\AS_BDD\src\test\resources\TestData\ExcelData.xlsx&amp;apos; was empty (zero bytes long)">
      <![CDATA[java.lang.RuntimeException: Error initializing Excel data: The supplied file 'C:\Users\madhu\OneDrive\Desktop\SDET\AS_BDD\src\test\resources\TestData\ExcelData.xlsx' was empty (zero bytes long)
at appHook.Hooks.setUp(Hooks.java:35)
]]>
    </failure>
  </testcase> <!-- runScenario -->
  <testcase classname="io.cucumber.testng.AbstractTestNGCucumberTests" name="runScenario" time="6.193">
    <failure type="java.lang.RuntimeException" message="Error initializing Excel data: The supplied file &amp;apos;C:\Users\madhu\OneDrive\Desktop\SDET\AS_BDD\src\test\resources\TestData\ExcelData.xlsx&amp;apos; was empty (zero bytes long)">
      <![CDATA[java.lang.RuntimeException: Error initializing Excel data: The supplied file 'C:\Users\madhu\OneDrive\Desktop\SDET\AS_BDD\src\test\resources\TestData\ExcelData.xlsx' was empty (zero bytes long)
at appHook.Hooks.setUp(Hooks.java:35)
]]>
    </failure>
  </testcase> <!-- runScenario -->
  <testcase classname="io.cucumber.testng.AbstractTestNGCucumberTests" name="runScenario" time="6.221">
    <failure type="java.lang.RuntimeException" message="Error initializing Excel data: Fail to save: an error occurs while saving the package : The part /xl/worksheets/sheet3.xml failed to be saved in the stream with marshaller org.apache.poi.openxml4j.opc.internal.marshallers.DefaultMarshaller@5a0910a5. Enable logging via Log4j 2 for more details.">
      <![CDATA[java.lang.RuntimeException: Error initializing Excel data: Fail to save: an error occurs while saving the package : The part /xl/worksheets/sheet3.xml failed to be saved in the stream with marshaller org.apache.poi.openxml4j.opc.internal.marshallers.DefaultMarshaller@5a0910a5. Enable logging via Log4j 2 for more details.
at appHook.Hooks.setUp(Hooks.java:35)
]]>
    </failure>
  </testcase> <!-- runScenario -->
  <testcase classname="io.cucumber.testng.AbstractTestNGCucumberTests" name="runScenario" time="7.17"/>
  <testcase classname="io.cucumber.testng.AbstractTestNGCucumberTests" name="runScenario" time="7.454"/>
  <testcase classname="io.cucumber.testng.AbstractTestNGCucumberTests" name="runScenario" time="7.517"/>
</testsuite> <!-- TestChrome -->
